<?xml version="1.0" encoding="UTF-8"?>
<!-- Generated by org.testng.reporters.JUnitReportReporter -->
<testsuite skipped="0" hostname="DESKTOP-M4TB3HP" name="LearnMavenPkg.MavenDemoProject.BrowserLaunchWDMngr" tests="1" failures="0" timestamp="2020-09-10T12:48:06 IST" time="35.214" errors="0">
  <testcase name="browserLaunch" time="35.214" classname="LearnMavenPkg.MavenDemoProject.BrowserLaunchWDMngr"/>
  <system-out/>
</testsuite> <!-- LearnMavenPkg.MavenDemoProject.BrowserLaunchWDMngr -->
